<?xml version="1.0" encoding="UTF-8"?>
<testng-results skipped="0" failed="0" total="1" passed="1">
  <reporter-output>
  </reporter-output>
  <suite name="Default suite" duration-ms="65743" started-at="2017-06-20T17:20:39Z" finished-at="2017-06-20T17:21:45Z">
    <groups>
    </groups>
    <test name="Default test" duration-ms="65743" started-at="2017-06-20T17:20:39Z" finished-at="2017-06-20T17:21:45Z">
      <class name="test.Sample">
        <test-method status="PASS" signature="setUp()[pri:0, instance:test.Sample@873930e]" name="setUp" is-config="true" duration-ms="3052" started-at="2017-06-20T22:50:39Z" finished-at="2017-06-20T22:50:42Z">
          <reporter-output>
          </reporter-output>
        </test-method> <!-- setUp -->
        <test-method status="PASS" signature="test()[pri:0, instance:test.Sample@873930e]" name="test" duration-ms="61298" started-at="2017-06-20T22:50:42Z" finished-at="2017-06-20T22:51:44Z">
          <reporter-output>
          </reporter-output>
        </test-method> <!-- test -->
        <test-method status="PASS" signature="tearDown()[pri:0, instance:test.Sample@873930e]" name="tearDown" is-config="true" duration-ms="1383" started-at="2017-06-20T22:51:44Z" finished-at="2017-06-20T22:51:45Z">
          <reporter-output>
          </reporter-output>
        </test-method> <!-- tearDown -->
      </class> <!-- test.Sample -->
    </test> <!-- Default test -->
  </suite> <!-- Default suite -->
</testng-results>
