<?xml version="1.0" encoding="UTF-8"?>
<testng-results skipped="0" failed="0" total="1" passed="1">
  <reporter-output>
  </reporter-output>
  <suite name="Default suite" duration-ms="128876" started-at="2017-03-23T17:58:04Z" finished-at="2017-03-23T18:00:13Z">
    <groups>
    </groups>
    <test name="Default test" duration-ms="128876" started-at="2017-03-23T17:58:04Z" finished-at="2017-03-23T18:00:13Z">
      <class name="test.SampleEmail">
        <test-method status="PASS" signature="test()[pri:0, instance:test.SampleEmail@4645801a]" name="test" duration-ms="128865" started-at="2017-03-23T23:28:04Z" finished-at="2017-03-23T23:30:13Z">
          <reporter-output>
          </reporter-output>
        </test-method> <!-- test -->
      </class> <!-- test.SampleEmail -->
    </test> <!-- Default test -->
  </suite> <!-- Default suite -->
</testng-results>
